[2019-10-06 14:47:19,885] {taskinstance.py:616} INFO - Dependencies all met for <TaskInstance: example_bash_operator.runme_1 2019-10-06T14:46:03.745752+00:00 [queued]>
[2019-10-06 14:47:19,890] {taskinstance.py:616} INFO - Dependencies all met for <TaskInstance: example_bash_operator.runme_1 2019-10-06T14:46:03.745752+00:00 [queued]>
[2019-10-06 14:47:19,890] {taskinstance.py:834} INFO - 
--------------------------------------------------------------------------------
[2019-10-06 14:47:19,890] {taskinstance.py:835} INFO - Starting attempt 1 of 1
[2019-10-06 14:47:19,890] {taskinstance.py:836} INFO - 
--------------------------------------------------------------------------------
[2019-10-06 14:47:19,943] {taskinstance.py:855} INFO - Executing <Task(BashOperator): runme_1> on 2019-10-06T14:46:03.745752+00:00
[2019-10-06 14:47:19,943] {base_task_runner.py:133} INFO - Running: ['airflow', 'run', 'example_bash_operator', 'runme_1', '2019-10-06T14:46:03.745752+00:00', '--job_id', '7', '--pool', 'default_pool', '--raw', '-sd', '/workspace/.pip-modules/lib/python3.7/site-packages/airflow/example_dags/example_bash_operator.py', '--cfg_path', '/tmp/tmpb5gfwy8f']
[2019-10-06 14:47:20,589] {base_task_runner.py:115} INFO - Job 7: Subtask runme_1 /workspace/.pip-modules/lib/python3.7/site-packages/airflow/configuration.py:614: DeprecationWarning: You have two airflow.cfg files: /home/gitpod/airflow/airflow.cfg and /workspace/ETML/airflow/airflow.cfg. Airflow used to look at ~/airflow/airflow.cfg, even when AIRFLOW_HOME was set to a different value. Airflow will now only read /workspace/ETML/airflow/airflow.cfg, and you should remove the other file
[2019-10-06 14:47:20,590] {base_task_runner.py:115} INFO - Job 7: Subtask runme_1   category=DeprecationWarning,
[2019-10-06 14:47:20,908] {base_task_runner.py:115} INFO - Job 7: Subtask runme_1 [2019-10-06 14:47:20,907] {__init__.py:51} INFO - Using executor SequentialExecutor
[2019-10-06 14:47:21,514] {base_task_runner.py:115} INFO - Job 7: Subtask runme_1 [2019-10-06 14:47:21,514] {dagbag.py:90} INFO - Filling up the DagBag from /workspace/.pip-modules/lib/python3.7/site-packages/airflow/example_dags/example_bash_operator.py
[2019-10-06 14:47:21,534] {base_task_runner.py:115} INFO - Job 7: Subtask runme_1 [2019-10-06 14:47:21,534] {cli.py:516} INFO - Running <TaskInstance: example_bash_operator.runme_1 2019-10-06T14:46:03.745752+00:00 [running]> on host ws-1920c115-851f-45d5-9b02-46ae8b08c534
[2019-10-06 14:47:21,547] {bash_operator.py:81} INFO - Tmp dir root location: 
 /tmp
[2019-10-06 14:47:21,547] {bash_operator.py:91} INFO - Exporting the following env vars:
AIRFLOW_CTX_DAG_ID=example_bash_operator
AIRFLOW_CTX_TASK_ID=runme_1
AIRFLOW_CTX_EXECUTION_DATE=2019-10-06T14:46:03.745752+00:00
AIRFLOW_CTX_DAG_RUN_ID=manual__2019-10-06T14:46:03.745752+00:00
[2019-10-06 14:47:21,548] {bash_operator.py:105} INFO - Temporary script location: /tmp/airflowtmph9prfcmp/runme_1ihee_z6x
[2019-10-06 14:47:21,548] {bash_operator.py:115} INFO - Running command: echo "example_bash_operator__runme_1__20191006" && sleep 1
[2019-10-06 14:47:21,568] {bash_operator.py:124} INFO - Output:
[2019-10-06 14:47:21,569] {bash_operator.py:128} INFO - example_bash_operator__runme_1__20191006
[2019-10-06 14:47:22,571] {bash_operator.py:132} INFO - Command exited with return code 0
[2019-10-06 14:47:24,886] {logging_mixin.py:95} INFO - [[34m2019-10-06 14:47:24,886[0m] {[34mlocal_task_job.py:[0m105} INFO[0m - Task exited with return code 0[0m
