[2019-10-06 14:46:19,987] {taskinstance.py:616} INFO - Dependencies all met for <TaskInstance: example_bash_operator.runme_2 2019-10-04T00:00:00+00:00 [queued]>
[2019-10-06 14:46:19,993] {taskinstance.py:616} INFO - Dependencies all met for <TaskInstance: example_bash_operator.runme_2 2019-10-04T00:00:00+00:00 [queued]>
[2019-10-06 14:46:19,993] {taskinstance.py:834} INFO - 
--------------------------------------------------------------------------------
[2019-10-06 14:46:19,993] {taskinstance.py:835} INFO - Starting attempt 1 of 1
[2019-10-06 14:46:19,993] {taskinstance.py:836} INFO - 
--------------------------------------------------------------------------------
[2019-10-06 14:46:20,047] {taskinstance.py:855} INFO - Executing <Task(BashOperator): runme_2> on 2019-10-04T00:00:00+00:00
[2019-10-06 14:46:20,047] {base_task_runner.py:133} INFO - Running: ['airflow', 'run', 'example_bash_operator', 'runme_2', '2019-10-04T00:00:00+00:00', '--job_id', '4', '--pool', 'default_pool', '--raw', '-sd', '/workspace/.pip-modules/lib/python3.7/site-packages/airflow/example_dags/example_bash_operator.py', '--cfg_path', '/tmp/tmpvfr7qw1p']
[2019-10-06 14:46:20,781] {base_task_runner.py:115} INFO - Job 4: Subtask runme_2 /workspace/.pip-modules/lib/python3.7/site-packages/airflow/configuration.py:614: DeprecationWarning: You have two airflow.cfg files: /home/gitpod/airflow/airflow.cfg and /workspace/ETML/airflow/airflow.cfg. Airflow used to look at ~/airflow/airflow.cfg, even when AIRFLOW_HOME was set to a different value. Airflow will now only read /workspace/ETML/airflow/airflow.cfg, and you should remove the other file
[2019-10-06 14:46:20,781] {base_task_runner.py:115} INFO - Job 4: Subtask runme_2   category=DeprecationWarning,
[2019-10-06 14:46:21,103] {base_task_runner.py:115} INFO - Job 4: Subtask runme_2 [2019-10-06 14:46:21,102] {__init__.py:51} INFO - Using executor SequentialExecutor
[2019-10-06 14:46:21,658] {base_task_runner.py:115} INFO - Job 4: Subtask runme_2 [2019-10-06 14:46:21,657] {dagbag.py:90} INFO - Filling up the DagBag from /workspace/.pip-modules/lib/python3.7/site-packages/airflow/example_dags/example_bash_operator.py
[2019-10-06 14:46:21,679] {base_task_runner.py:115} INFO - Job 4: Subtask runme_2 [2019-10-06 14:46:21,679] {cli.py:516} INFO - Running <TaskInstance: example_bash_operator.runme_2 2019-10-04T00:00:00+00:00 [running]> on host ws-1920c115-851f-45d5-9b02-46ae8b08c534
[2019-10-06 14:46:21,692] {bash_operator.py:81} INFO - Tmp dir root location: 
 /tmp
[2019-10-06 14:46:21,693] {bash_operator.py:91} INFO - Exporting the following env vars:
AIRFLOW_CTX_DAG_ID=example_bash_operator
AIRFLOW_CTX_TASK_ID=runme_2
AIRFLOW_CTX_EXECUTION_DATE=2019-10-04T00:00:00+00:00
AIRFLOW_CTX_DAG_RUN_ID=scheduled__2019-10-04T00:00:00+00:00
[2019-10-06 14:46:21,693] {bash_operator.py:105} INFO - Temporary script location: /tmp/airflowtmp3skv3baj/runme_23ndlpppw
[2019-10-06 14:46:21,694] {bash_operator.py:115} INFO - Running command: echo "example_bash_operator__runme_2__20191004" && sleep 1
[2019-10-06 14:46:21,706] {bash_operator.py:124} INFO - Output:
[2019-10-06 14:46:21,707] {bash_operator.py:128} INFO - example_bash_operator__runme_2__20191004
[2019-10-06 14:46:22,710] {bash_operator.py:132} INFO - Command exited with return code 0
[2019-10-06 14:46:24,986] {logging_mixin.py:95} INFO - [[34m2019-10-06 14:46:24,986[0m] {[34mlocal_task_job.py:[0m105} INFO[0m - Task exited with return code 0[0m
