[2019-10-06 14:48:02,084] {taskinstance.py:616} INFO - Dependencies all met for <TaskInstance: example_bash_operator.also_run_this 2019-10-06T14:46:03.745752+00:00 [queued]>
[2019-10-06 14:48:02,092] {taskinstance.py:616} INFO - Dependencies all met for <TaskInstance: example_bash_operator.also_run_this 2019-10-06T14:46:03.745752+00:00 [queued]>
[2019-10-06 14:48:02,092] {taskinstance.py:834} INFO - 
--------------------------------------------------------------------------------
[2019-10-06 14:48:02,092] {taskinstance.py:835} INFO - Starting attempt 1 of 1
[2019-10-06 14:48:02,092] {taskinstance.py:836} INFO - 
--------------------------------------------------------------------------------
[2019-10-06 14:48:02,146] {taskinstance.py:855} INFO - Executing <Task(BashOperator): also_run_this> on 2019-10-06T14:46:03.745752+00:00
[2019-10-06 14:48:02,146] {base_task_runner.py:133} INFO - Running: ['airflow', 'run', 'example_bash_operator', 'also_run_this', '2019-10-06T14:46:03.745752+00:00', '--job_id', '13', '--pool', 'default_pool', '--raw', '-sd', '/workspace/.pip-modules/lib/python3.7/site-packages/airflow/example_dags/example_bash_operator.py', '--cfg_path', '/tmp/tmphipprbxf']
[2019-10-06 14:48:02,840] {base_task_runner.py:115} INFO - Job 13: Subtask also_run_this /workspace/.pip-modules/lib/python3.7/site-packages/airflow/configuration.py:614: DeprecationWarning: You have two airflow.cfg files: /home/gitpod/airflow/airflow.cfg and /workspace/ETML/airflow/airflow.cfg. Airflow used to look at ~/airflow/airflow.cfg, even when AIRFLOW_HOME was set to a different value. Airflow will now only read /workspace/ETML/airflow/airflow.cfg, and you should remove the other file
[2019-10-06 14:48:02,840] {base_task_runner.py:115} INFO - Job 13: Subtask also_run_this   category=DeprecationWarning,
[2019-10-06 14:48:03,170] {base_task_runner.py:115} INFO - Job 13: Subtask also_run_this [2019-10-06 14:48:03,170] {__init__.py:51} INFO - Using executor SequentialExecutor
[2019-10-06 14:48:03,757] {base_task_runner.py:115} INFO - Job 13: Subtask also_run_this [2019-10-06 14:48:03,756] {dagbag.py:90} INFO - Filling up the DagBag from /workspace/.pip-modules/lib/python3.7/site-packages/airflow/example_dags/example_bash_operator.py
[2019-10-06 14:48:03,776] {base_task_runner.py:115} INFO - Job 13: Subtask also_run_this [2019-10-06 14:48:03,775] {cli.py:516} INFO - Running <TaskInstance: example_bash_operator.also_run_this 2019-10-06T14:46:03.745752+00:00 [running]> on host ws-1920c115-851f-45d5-9b02-46ae8b08c534
[2019-10-06 14:48:03,788] {bash_operator.py:81} INFO - Tmp dir root location: 
 /tmp
[2019-10-06 14:48:03,788] {bash_operator.py:91} INFO - Exporting the following env vars:
AIRFLOW_CTX_DAG_ID=example_bash_operator
AIRFLOW_CTX_TASK_ID=also_run_this
AIRFLOW_CTX_EXECUTION_DATE=2019-10-06T14:46:03.745752+00:00
AIRFLOW_CTX_DAG_RUN_ID=manual__2019-10-06T14:46:03.745752+00:00
[2019-10-06 14:48:03,790] {bash_operator.py:105} INFO - Temporary script location: /tmp/airflowtmpode7as48/also_run_this8ieg1y5i
[2019-10-06 14:48:03,790] {bash_operator.py:115} INFO - Running command: echo "run_id=manual__2019-10-06T14:46:03.745752+00:00 | dag_run=<DagRun example_bash_operator @ 2019-10-06 14:46:03.745752+00:00: manual__2019-10-06T14:46:03.745752+00:00, externally triggered: True>"
[2019-10-06 14:48:03,803] {bash_operator.py:124} INFO - Output:
[2019-10-06 14:48:03,805] {bash_operator.py:128} INFO - run_id=manual__2019-10-06T14:46:03.745752+00:00 | dag_run=<DagRun example_bash_operator @ 2019-10-06 14:46:03.745752+00:00: manual__2019-10-06T14:46:03.745752+00:00, externally triggered: True>
[2019-10-06 14:48:03,806] {bash_operator.py:132} INFO - Command exited with return code 0
[2019-10-06 14:48:07,076] {logging_mixin.py:95} INFO - [[34m2019-10-06 14:48:07,076[0m] {[34mlocal_task_job.py:[0m105} INFO[0m - Task exited with return code 0[0m
