[2019-10-06 14:47:55,037] {taskinstance.py:616} INFO - Dependencies all met for <TaskInstance: example_bash_operator.run_after_loop 2019-10-04T00:00:00+00:00 [queued]>
[2019-10-06 14:47:55,047] {taskinstance.py:616} INFO - Dependencies all met for <TaskInstance: example_bash_operator.run_after_loop 2019-10-04T00:00:00+00:00 [queued]>
[2019-10-06 14:47:55,047] {taskinstance.py:834} INFO - 
--------------------------------------------------------------------------------
[2019-10-06 14:47:55,047] {taskinstance.py:835} INFO - Starting attempt 1 of 1
[2019-10-06 14:47:55,047] {taskinstance.py:836} INFO - 
--------------------------------------------------------------------------------
[2019-10-06 14:47:55,099] {taskinstance.py:855} INFO - Executing <Task(BashOperator): run_after_loop> on 2019-10-04T00:00:00+00:00
[2019-10-06 14:47:55,099] {base_task_runner.py:133} INFO - Running: ['airflow', 'run', 'example_bash_operator', 'run_after_loop', '2019-10-04T00:00:00+00:00', '--job_id', '12', '--pool', 'default_pool', '--raw', '-sd', '/workspace/.pip-modules/lib/python3.7/site-packages/airflow/example_dags/example_bash_operator.py', '--cfg_path', '/tmp/tmphezdykvd']
[2019-10-06 14:47:55,764] {base_task_runner.py:115} INFO - Job 12: Subtask run_after_loop /workspace/.pip-modules/lib/python3.7/site-packages/airflow/configuration.py:614: DeprecationWarning: You have two airflow.cfg files: /home/gitpod/airflow/airflow.cfg and /workspace/ETML/airflow/airflow.cfg. Airflow used to look at ~/airflow/airflow.cfg, even when AIRFLOW_HOME was set to a different value. Airflow will now only read /workspace/ETML/airflow/airflow.cfg, and you should remove the other file
[2019-10-06 14:47:55,764] {base_task_runner.py:115} INFO - Job 12: Subtask run_after_loop   category=DeprecationWarning,
[2019-10-06 14:47:56,095] {base_task_runner.py:115} INFO - Job 12: Subtask run_after_loop [2019-10-06 14:47:56,094] {__init__.py:51} INFO - Using executor SequentialExecutor
[2019-10-06 14:47:56,644] {base_task_runner.py:115} INFO - Job 12: Subtask run_after_loop [2019-10-06 14:47:56,643] {dagbag.py:90} INFO - Filling up the DagBag from /workspace/.pip-modules/lib/python3.7/site-packages/airflow/example_dags/example_bash_operator.py
[2019-10-06 14:47:56,667] {base_task_runner.py:115} INFO - Job 12: Subtask run_after_loop [2019-10-06 14:47:56,666] {cli.py:516} INFO - Running <TaskInstance: example_bash_operator.run_after_loop 2019-10-04T00:00:00+00:00 [running]> on host ws-1920c115-851f-45d5-9b02-46ae8b08c534
[2019-10-06 14:47:56,679] {bash_operator.py:81} INFO - Tmp dir root location: 
 /tmp
[2019-10-06 14:47:56,679] {bash_operator.py:91} INFO - Exporting the following env vars:
AIRFLOW_CTX_DAG_ID=example_bash_operator
AIRFLOW_CTX_TASK_ID=run_after_loop
AIRFLOW_CTX_EXECUTION_DATE=2019-10-04T00:00:00+00:00
AIRFLOW_CTX_DAG_RUN_ID=scheduled__2019-10-04T00:00:00+00:00
[2019-10-06 14:47:56,680] {bash_operator.py:105} INFO - Temporary script location: /tmp/airflowtmpz94diu8d/run_after_loopc32yn1n6
[2019-10-06 14:47:56,680] {bash_operator.py:115} INFO - Running command: echo 1
[2019-10-06 14:47:56,695] {bash_operator.py:124} INFO - Output:
[2019-10-06 14:47:56,697] {bash_operator.py:128} INFO - 1
[2019-10-06 14:47:56,698] {bash_operator.py:132} INFO - Command exited with return code 0
[2019-10-06 14:48:00,034] {logging_mixin.py:95} INFO - [[34m2019-10-06 14:48:00,034[0m] {[34mlocal_task_job.py:[0m105} INFO[0m - Task exited with return code 0[0m
